[Mon May 27 09:38:16.376203 2024] [ssl:warn] [pid 12096:tid 384] AH01909: www.example.com:443:0 server certificate does NOT include an ID which matches the server name
[Mon May 27 09:38:16.423068 2024] [ssl:warn] [pid 12096:tid 384] AH01909: www.example.com:443:0 server certificate does NOT include an ID which matches the server name
[Mon May 27 09:38:16.485556 2024] [mpm_winnt:notice] [pid 12096:tid 384] AH00455: Apache/2.4.58 (Win64) OpenSSL/3.1.3 PHP/8.2.12 configured -- resuming normal operations
[Mon May 27 09:38:16.485556 2024] [mpm_winnt:notice] [pid 12096:tid 384] AH00456: Apache Lounge VS17 Server built: Oct 18 2023 13:03:18
[Mon May 27 09:38:16.485556 2024] [core:notice] [pid 12096:tid 384] AH00094: Command line: 'C:\\xampp\\apache\\bin\\httpd.exe -d C:/xampp/apache'
[Mon May 27 09:38:16.485556 2024] [mpm_winnt:notice] [pid 12096:tid 384] AH00418: Parent: Created child process 18352
[Mon May 27 09:38:17.208911 2024] [ssl:warn] [pid 18352:tid 380] AH01909: www.example.com:443:0 server certificate does NOT include an ID which matches the server name
[Mon May 27 09:38:17.256882 2024] [ssl:warn] [pid 18352:tid 380] AH01909: www.example.com:443:0 server certificate does NOT include an ID which matches the server name
[Mon May 27 09:38:17.304389 2024] [mpm_winnt:notice] [pid 18352:tid 380] AH00354: Child: Starting 150 worker threads.
[Mon May 27 09:53:07.504031 2024] [ssl:warn] [pid 18796:tid 408] AH01909: www.example.com:443:0 server certificate does NOT include an ID which matches the server name
[Mon May 27 09:53:07.556409 2024] [ssl:warn] [pid 18796:tid 408] AH01909: www.example.com:443:0 server certificate does NOT include an ID which matches the server name
[Mon May 27 09:53:07.598160 2024] [mpm_winnt:notice] [pid 18796:tid 408] AH00455: Apache/2.4.58 (Win64) OpenSSL/3.1.3 PHP/8.2.12 configured -- resuming normal operations
[Mon May 27 09:53:07.598160 2024] [mpm_winnt:notice] [pid 18796:tid 408] AH00456: Apache Lounge VS17 Server built: Oct 18 2023 13:03:18
[Mon May 27 09:53:07.598160 2024] [core:notice] [pid 18796:tid 408] AH00094: Command line: 'c:\\xampp\\apache\\bin\\httpd.exe -d C:/xampp/apache'
[Mon May 27 09:53:07.613816 2024] [mpm_winnt:notice] [pid 18796:tid 408] AH00418: Parent: Created child process 3328
[Mon May 27 09:53:08.083221 2024] [ssl:warn] [pid 3328:tid 404] AH01909: www.example.com:443:0 server certificate does NOT include an ID which matches the server name
[Mon May 27 09:53:08.114470 2024] [ssl:warn] [pid 3328:tid 404] AH01909: www.example.com:443:0 server certificate does NOT include an ID which matches the server name
[Mon May 27 09:53:08.145713 2024] [mpm_winnt:notice] [pid 3328:tid 404] AH00354: Child: Starting 150 worker threads.
[Mon May 27 10:04:08.401489 2024] [php:error] [pid 3328:tid 1932] [client ::1:64836] PHP Fatal error:  Uncaught mysqli_sql_exception: Unknown database 'ofbms_db' in C:\\xampp\\htdocs\\ofbms\\helpers\\init_conn_db.php:7\nStack trace:\n#0 C:\\xampp\\htdocs\\ofbms\\helpers\\init_conn_db.php(7): mysqli_connect('localhost', 'root', Object(SensitiveParameterValue), 'ofbms_db')\n#1 C:\\xampp\\htdocs\\ofbms\\index.php(3): require('C:\\\\xampp\\\\htdocs...')\n#2 {main}\n  thrown in C:\\xampp\\htdocs\\ofbms\\helpers\\init_conn_db.php on line 7
[Mon May 27 10:06:16.946827 2024] [php:error] [pid 3328:tid 1924] [client ::1:64988] PHP Fatal error:  Uncaught mysqli_sql_exception: Unknown database 'ofbms_db' in C:\\xampp\\htdocs\\ofbms\\helpers\\init_conn_db.php:7\nStack trace:\n#0 C:\\xampp\\htdocs\\ofbms\\helpers\\init_conn_db.php(7): mysqli_connect('localhost', 'root', Object(SensitiveParameterValue), 'ofbms_db')\n#1 C:\\xampp\\htdocs\\ofbms\\admin\\index.php(2): require('C:\\\\xampp\\\\htdocs...')\n#2 {main}\n  thrown in C:\\xampp\\htdocs\\ofbms\\helpers\\init_conn_db.php on line 7
[Mon May 27 10:09:20.709968 2024] [php:error] [pid 3328:tid 1928] [client ::1:65138] PHP Fatal error:  Uncaught mysqli_sql_exception: Unknown database 'ofbms_db' in C:\\xampp\\htdocs\\ofbms\\helpers\\init_conn_db.php:7\nStack trace:\n#0 C:\\xampp\\htdocs\\ofbms\\helpers\\init_conn_db.php(7): mysqli_connect('localhost', 'root', Object(SensitiveParameterValue), 'ofbms_db')\n#1 C:\\xampp\\htdocs\\ofbms\\index.php(3): require('C:\\\\xampp\\\\htdocs...')\n#2 {main}\n  thrown in C:\\xampp\\htdocs\\ofbms\\helpers\\init_conn_db.php on line 7
[Mon May 27 10:11:51.770872 2024] [php:error] [pid 3328:tid 1932] [client ::1:65152] PHP Fatal error:  Uncaught mysqli_sql_exception: Unknown database 'ofbms_db' in C:\\xampp\\htdocs\\ofbms\\helpers\\init_conn_db.php:7\nStack trace:\n#0 C:\\xampp\\htdocs\\ofbms\\helpers\\init_conn_db.php(7): mysqli_connect('localhost', 'root', Object(SensitiveParameterValue), 'ofbms_db')\n#1 C:\\xampp\\htdocs\\ofbms\\admin\\index.php(2): require('C:\\\\xampp\\\\htdocs...')\n#2 {main}\n  thrown in C:\\xampp\\htdocs\\ofbms\\helpers\\init_conn_db.php on line 7
[Mon May 27 10:12:56.765178 2024] [php:error] [pid 3328:tid 1932] [client ::1:65155] PHP Fatal error:  Uncaught mysqli_sql_exception: Unknown database 'ofbms_db' in C:\\xampp\\htdocs\\ofbms\\helpers\\init_conn_db.php:7\nStack trace:\n#0 C:\\xampp\\htdocs\\ofbms\\helpers\\init_conn_db.php(7): mysqli_connect('localhost', 'root', Object(SensitiveParameterValue), 'ofbms_db')\n#1 C:\\xampp\\htdocs\\ofbms\\admin\\index.php(2): require('C:\\\\xampp\\\\htdocs...')\n#2 {main}\n  thrown in C:\\xampp\\htdocs\\ofbms\\helpers\\init_conn_db.php on line 7
[Mon May 27 10:13:12.111650 2024] [php:error] [pid 3328:tid 1932] [client ::1:65157] PHP Fatal error:  Uncaught mysqli_sql_exception: Unknown database 'ofbms_db' in C:\\xampp\\htdocs\\ofbms\\helpers\\init_conn_db.php:7\nStack trace:\n#0 C:\\xampp\\htdocs\\ofbms\\helpers\\init_conn_db.php(7): mysqli_connect('localhost', 'root', Object(SensitiveParameterValue), 'ofbms_db')\n#1 C:\\xampp\\htdocs\\ofbms\\index.php(3): require('C:\\\\xampp\\\\htdocs...')\n#2 {main}\n  thrown in C:\\xampp\\htdocs\\ofbms\\helpers\\init_conn_db.php on line 7
[Mon May 27 10:25:18.045818 2024] [php:warn] [pid 3328:tid 1980] [client ::1:51777] PHP Warning:  Undefined array key "login_name" in C:\\xampp\\htdocs\\flight\\admin\\topbar.php on line 24
[Mon May 27 10:25:18.045818 2024] [php:warn] [pid 3328:tid 1980] [client ::1:51777] PHP Warning:  Undefined array key "login_type" in C:\\xampp\\htdocs\\flight\\admin\\navbar.php on line 13
[Mon May 27 10:25:18.046966 2024] [php:warn] [pid 3328:tid 1980] [client ::1:51777] PHP Warning:  Undefined array key "login_type" in C:\\xampp\\htdocs\\flight\\admin\\home.php on line 17
[Mon May 27 10:25:18.046966 2024] [php:warn] [pid 3328:tid 1980] [client ::1:51777] PHP Warning:  Undefined array key "login_name" in C:\\xampp\\htdocs\\flight\\admin\\home.php on line 17
[Mon May 27 10:25:18.071878 2024] [php:error] [pid 3328:tid 1980] [client ::1:51777] PHP Fatal error:  Uncaught mysqli_sql_exception: Unknown database 'flight_booking_db' in C:\\xampp\\htdocs\\flight\\admin\\db_connect.php:3\nStack trace:\n#0 C:\\xampp\\htdocs\\flight\\admin\\db_connect.php(3): mysqli->__construct('localhost', 'root', Object(SensitiveParameterValue), 'flight_booking_...')\n#1 C:\\xampp\\htdocs\\flight\\admin\\login.php(12): include('C:\\\\xampp\\\\htdocs...')\n#2 {main}\n  thrown in C:\\xampp\\htdocs\\flight\\admin\\db_connect.php on line 3
[Mon May 27 10:30:54.807172 2024] [php:error] [pid 3328:tid 1928] [client ::1:51853] PHP Fatal error:  Uncaught mysqli_sql_exception: Unknown database 'flight_booking_db' in C:\\xampp\\htdocs\\flight\\admin\\db_connect.php:3\nStack trace:\n#0 C:\\xampp\\htdocs\\flight\\admin\\db_connect.php(3): mysqli->__construct('localhost', 'root', Object(SensitiveParameterValue), 'flight_booking_...')\n#1 C:\\xampp\\htdocs\\flight\\admin\\login.php(12): include('C:\\\\xampp\\\\htdocs...')\n#2 {main}\n  thrown in C:\\xampp\\htdocs\\flight\\admin\\db_connect.php on line 3
[Mon May 27 10:32:03.257684 2024] [php:error] [pid 3328:tid 1944] [client ::1:51981] PHP Fatal error:  Uncaught mysqli_sql_exception: Unknown database 'flight_booking_db' in C:\\xampp\\htdocs\\flight\\admin\\db_connect.php:3\nStack trace:\n#0 C:\\xampp\\htdocs\\flight\\admin\\db_connect.php(3): mysqli->__construct('localhost', 'root', Object(SensitiveParameterValue), 'flight_booking_...')\n#1 C:\\xampp\\htdocs\\flight\\admin\\login.php(12): include('C:\\\\xampp\\\\htdocs...')\n#2 {main}\n  thrown in C:\\xampp\\htdocs\\flight\\admin\\db_connect.php on line 3
[Mon May 27 10:32:04.126338 2024] [php:error] [pid 3328:tid 1944] [client ::1:51981] PHP Fatal error:  Uncaught mysqli_sql_exception: Unknown database 'flight_booking_db' in C:\\xampp\\htdocs\\flight\\admin\\db_connect.php:3\nStack trace:\n#0 C:\\xampp\\htdocs\\flight\\admin\\db_connect.php(3): mysqli->__construct('localhost', 'root', Object(SensitiveParameterValue), 'flight_booking_...')\n#1 C:\\xampp\\htdocs\\flight\\admin\\login.php(12): include('C:\\\\xampp\\\\htdocs...')\n#2 {main}\n  thrown in C:\\xampp\\htdocs\\flight\\admin\\db_connect.php on line 3
[Mon May 27 10:32:04.318455 2024] [php:error] [pid 3328:tid 1944] [client ::1:51981] PHP Fatal error:  Uncaught mysqli_sql_exception: Unknown database 'flight_booking_db' in C:\\xampp\\htdocs\\flight\\admin\\db_connect.php:3\nStack trace:\n#0 C:\\xampp\\htdocs\\flight\\admin\\db_connect.php(3): mysqli->__construct('localhost', 'root', Object(SensitiveParameterValue), 'flight_booking_...')\n#1 C:\\xampp\\htdocs\\flight\\admin\\login.php(12): include('C:\\\\xampp\\\\htdocs...')\n#2 {main}\n  thrown in C:\\xampp\\htdocs\\flight\\admin\\db_connect.php on line 3
[Mon May 27 10:32:04.516972 2024] [php:error] [pid 3328:tid 1944] [client ::1:51981] PHP Fatal error:  Uncaught mysqli_sql_exception: Unknown database 'flight_booking_db' in C:\\xampp\\htdocs\\flight\\admin\\db_connect.php:3\nStack trace:\n#0 C:\\xampp\\htdocs\\flight\\admin\\db_connect.php(3): mysqli->__construct('localhost', 'root', Object(SensitiveParameterValue), 'flight_booking_...')\n#1 C:\\xampp\\htdocs\\flight\\admin\\login.php(12): include('C:\\\\xampp\\\\htdocs...')\n#2 {main}\n  thrown in C:\\xampp\\htdocs\\flight\\admin\\db_connect.php on line 3
[Mon May 27 10:33:47.937207 2024] [php:error] [pid 3328:tid 1944] [client ::1:52115] PHP Fatal error:  Uncaught mysqli_sql_exception: Unknown database 'flight_booking_db' in C:\\xampp\\htdocs\\flight\\admin\\db_connect.php:3\nStack trace:\n#0 C:\\xampp\\htdocs\\flight\\admin\\db_connect.php(3): mysqli->__construct('localhost', 'root', Object(SensitiveParameterValue), 'flight_booking_...')\n#1 C:\\xampp\\htdocs\\flight\\admin\\login.php(12): include('C:\\\\xampp\\\\htdocs...')\n#2 {main}\n  thrown in C:\\xampp\\htdocs\\flight\\admin\\db_connect.php on line 3
[Mon May 27 10:34:34.281041 2024] [php:error] [pid 3328:tid 1932] [client ::1:52134] PHP Fatal error:  Uncaught mysqli_sql_exception: Unknown database 'flight_booking_db' in C:\\xampp\\htdocs\\flight\\admin\\db_connect.php:3\nStack trace:\n#0 C:\\xampp\\htdocs\\flight\\admin\\db_connect.php(3): mysqli->__construct('localhost', 'root', Object(SensitiveParameterValue), 'flight_booking_...')\n#1 C:\\xampp\\htdocs\\flight\\admin\\login.php(12): include('C:\\\\xampp\\\\htdocs...')\n#2 {main}\n  thrown in C:\\xampp\\htdocs\\flight\\admin\\db_connect.php on line 3
[Mon May 27 10:35:10.512880 2024] [php:error] [pid 3328:tid 1944] [client ::1:52158] PHP Fatal error:  Uncaught mysqli_sql_exception: Unknown database 'flight_booking_db' in C:\\xampp\\htdocs\\flight\\admin\\db_connect.php:3\nStack trace:\n#0 C:\\xampp\\htdocs\\flight\\admin\\db_connect.php(3): mysqli->__construct('localhost', 'root', Object(SensitiveParameterValue), 'flight_booking_...')\n#1 C:\\xampp\\htdocs\\flight\\admin\\login.php(12): include('C:\\\\xampp\\\\htdocs...')\n#2 {main}\n  thrown in C:\\xampp\\htdocs\\flight\\admin\\db_connect.php on line 3
[Mon May 27 10:35:32.405144 2024] [mpm_winnt:crit] [pid 3328:tid 404] AH02538: Child: Parent process exited abruptly. Child process is ending
[Mon May 27 10:35:35.387544 2024] [ssl:warn] [pid 8564:tid 408] AH01909: www.example.com:443:0 server certificate does NOT include an ID which matches the server name
[Mon May 27 10:35:35.441528 2024] [core:warn] [pid 8564:tid 408] AH00098: pid file C:/xampp/apache/logs/httpd.pid overwritten -- Unclean shutdown of previous Apache run?
[Mon May 27 10:35:35.441528 2024] [ssl:warn] [pid 8564:tid 408] AH01909: www.example.com:443:0 server certificate does NOT include an ID which matches the server name
[Mon May 27 10:35:35.481704 2024] [mpm_winnt:notice] [pid 8564:tid 408] AH00455: Apache/2.4.58 (Win64) OpenSSL/3.1.3 PHP/8.2.12 configured -- resuming normal operations
[Mon May 27 10:35:35.481704 2024] [mpm_winnt:notice] [pid 8564:tid 408] AH00456: Apache Lounge VS17 Server built: Oct 18 2023 13:03:18
[Mon May 27 10:35:35.481704 2024] [core:notice] [pid 8564:tid 408] AH00094: Command line: 'c:\\xampp\\apache\\bin\\httpd.exe -d C:/xampp/apache'
[Mon May 27 10:35:35.481704 2024] [mpm_winnt:notice] [pid 8564:tid 408] AH00418: Parent: Created child process 14476
[Mon May 27 10:35:35.968818 2024] [ssl:warn] [pid 14476:tid 392] AH01909: www.example.com:443:0 server certificate does NOT include an ID which matches the server name
[Mon May 27 10:35:36.000065 2024] [ssl:warn] [pid 14476:tid 392] AH01909: www.example.com:443:0 server certificate does NOT include an ID which matches the server name
[Mon May 27 10:35:36.031307 2024] [mpm_winnt:notice] [pid 14476:tid 392] AH00354: Child: Starting 150 worker threads.
[Mon May 27 10:36:22.920836 2024] [php:warn] [pid 14476:tid 1936] [client ::1:52295] PHP Warning:  Undefined array key "login_name" in C:\\xampp\\htdocs\\flight\\admin\\topbar.php on line 24
[Mon May 27 10:36:22.920836 2024] [php:warn] [pid 14476:tid 1936] [client ::1:52295] PHP Warning:  Undefined array key "login_type" in C:\\xampp\\htdocs\\flight\\admin\\navbar.php on line 13
[Mon May 27 10:36:22.920836 2024] [php:warn] [pid 14476:tid 1936] [client ::1:52295] PHP Warning:  Undefined array key "login_type" in C:\\xampp\\htdocs\\flight\\admin\\home.php on line 17
[Mon May 27 10:36:22.920836 2024] [php:warn] [pid 14476:tid 1936] [client ::1:52295] PHP Warning:  Undefined array key "login_name" in C:\\xampp\\htdocs\\flight\\admin\\home.php on line 17
[Mon May 27 10:36:22.947171 2024] [php:error] [pid 14476:tid 1936] [client ::1:52295] PHP Fatal error:  Uncaught mysqli_sql_exception: Unknown database 'flight_booking_db' in C:\\xampp\\htdocs\\flight\\admin\\db_connect.php:3\nStack trace:\n#0 C:\\xampp\\htdocs\\flight\\admin\\db_connect.php(3): mysqli->__construct('localhost', 'root', Object(SensitiveParameterValue), 'flight_booking_...')\n#1 C:\\xampp\\htdocs\\flight\\admin\\login.php(12): include('C:\\\\xampp\\\\htdocs...')\n#2 {main}\n  thrown in C:\\xampp\\htdocs\\flight\\admin\\db_connect.php on line 3
[Mon May 27 10:36:37.091424 2024] [php:warn] [pid 14476:tid 1980] [client ::1:52309] PHP Warning:  Undefined array key "login_name" in C:\\xampp\\htdocs\\flight\\admin\\topbar.php on line 24
[Mon May 27 10:36:37.091424 2024] [php:warn] [pid 14476:tid 1980] [client ::1:52309] PHP Warning:  Undefined array key "login_type" in C:\\xampp\\htdocs\\flight\\admin\\navbar.php on line 13
[Mon May 27 10:36:37.091424 2024] [php:warn] [pid 14476:tid 1980] [client ::1:52309] PHP Warning:  Undefined array key "login_type" in C:\\xampp\\htdocs\\flight\\admin\\home.php on line 17
[Mon May 27 10:36:37.092419 2024] [php:warn] [pid 14476:tid 1980] [client ::1:52309] PHP Warning:  Undefined array key "login_name" in C:\\xampp\\htdocs\\flight\\admin\\home.php on line 17
[Mon May 27 10:36:37.096079 2024] [php:error] [pid 14476:tid 1980] [client ::1:52309] PHP Fatal error:  Uncaught mysqli_sql_exception: Unknown database 'flight_booking_db' in C:\\xampp\\htdocs\\flight\\admin\\db_connect.php:3\nStack trace:\n#0 C:\\xampp\\htdocs\\flight\\admin\\db_connect.php(3): mysqli->__construct('localhost', 'root', Object(SensitiveParameterValue), 'flight_booking_...')\n#1 C:\\xampp\\htdocs\\flight\\admin\\login.php(12): include('C:\\\\xampp\\\\htdocs...')\n#2 {main}\n  thrown in C:\\xampp\\htdocs\\flight\\admin\\db_connect.php on line 3
[Tue May 28 10:02:53.391398 2024] [ssl:warn] [pid 6692:tid 356] AH01909: www.example.com:443:0 server certificate does NOT include an ID which matches the server name
[Tue May 28 10:02:53.424862 2024] [core:warn] [pid 6692:tid 356] AH00098: pid file C:/xampp/apache/logs/httpd.pid overwritten -- Unclean shutdown of previous Apache run?
[Tue May 28 10:02:53.424862 2024] [ssl:warn] [pid 6692:tid 356] AH01909: www.example.com:443:0 server certificate does NOT include an ID which matches the server name
[Tue May 28 10:02:53.809424 2024] [mpm_winnt:notice] [pid 6692:tid 356] AH00455: Apache/2.4.58 (Win64) OpenSSL/3.1.3 PHP/8.2.12 configured -- resuming normal operations
[Tue May 28 10:02:53.809424 2024] [mpm_winnt:notice] [pid 6692:tid 356] AH00456: Apache Lounge VS17 Server built: Oct 18 2023 13:03:18
[Tue May 28 10:02:53.809424 2024] [core:notice] [pid 6692:tid 356] AH00094: Command line: 'c:\\xampp\\apache\\bin\\httpd.exe -d C:/xampp/apache'
[Tue May 28 10:02:53.809424 2024] [mpm_winnt:notice] [pid 6692:tid 356] AH00418: Parent: Created child process 16656
[Tue May 28 10:02:54.186773 2024] [ssl:warn] [pid 16656:tid 376] AH01909: www.example.com:443:0 server certificate does NOT include an ID which matches the server name
[Tue May 28 10:02:54.225949 2024] [ssl:warn] [pid 16656:tid 376] AH01909: www.example.com:443:0 server certificate does NOT include an ID which matches the server name
[Tue May 28 10:02:54.265407 2024] [mpm_winnt:notice] [pid 16656:tid 376] AH00354: Child: Starting 150 worker threads.
[Sun Jun 02 16:09:48.159441 2024] [ssl:warn] [pid 16592:tid 384] AH01909: www.example.com:443:0 server certificate does NOT include an ID which matches the server name
[Sun Jun 02 16:09:48.199876 2024] [core:warn] [pid 16592:tid 384] AH00098: pid file C:/xampp/apache/logs/httpd.pid overwritten -- Unclean shutdown of previous Apache run?
[Sun Jun 02 16:09:48.199876 2024] [ssl:warn] [pid 16592:tid 384] AH01909: www.example.com:443:0 server certificate does NOT include an ID which matches the server name
[Sun Jun 02 16:09:48.721547 2024] [mpm_winnt:notice] [pid 16592:tid 384] AH00455: Apache/2.4.58 (Win64) OpenSSL/3.1.3 PHP/8.2.12 configured -- resuming normal operations
[Sun Jun 02 16:09:48.721547 2024] [mpm_winnt:notice] [pid 16592:tid 384] AH00456: Apache Lounge VS17 Server built: Oct 18 2023 13:03:18
[Sun Jun 02 16:09:48.721547 2024] [core:notice] [pid 16592:tid 384] AH00094: Command line: 'c:\\xampp\\apache\\bin\\httpd.exe -d C:/xampp/apache'
[Sun Jun 02 16:09:48.725376 2024] [mpm_winnt:notice] [pid 16592:tid 384] AH00418: Parent: Created child process 12156
[Sun Jun 02 16:09:49.162964 2024] [ssl:warn] [pid 12156:tid 364] AH01909: www.example.com:443:0 server certificate does NOT include an ID which matches the server name
[Sun Jun 02 16:09:49.209334 2024] [ssl:warn] [pid 12156:tid 364] AH01909: www.example.com:443:0 server certificate does NOT include an ID which matches the server name
[Sun Jun 02 16:09:49.256737 2024] [mpm_winnt:notice] [pid 12156:tid 364] AH00354: Child: Starting 150 worker threads.
[Sun Jun 02 16:10:02.985441 2024] [ssl:warn] [pid 22224:tid 368] AH01909: www.example.com:443:0 server certificate does NOT include an ID which matches the server name
[Sun Jun 02 16:10:03.016685 2024] [core:warn] [pid 22224:tid 368] AH00098: pid file C:/xampp/apache/logs/httpd.pid overwritten -- Unclean shutdown of previous Apache run?
[Sun Jun 02 16:10:03.016685 2024] [ssl:warn] [pid 22224:tid 368] AH01909: www.example.com:443:0 server certificate does NOT include an ID which matches the server name
[Sun Jun 02 16:10:03.063584 2024] [mpm_winnt:notice] [pid 22224:tid 368] AH00455: Apache/2.4.58 (Win64) OpenSSL/3.1.3 PHP/8.2.12 configured -- resuming normal operations
[Sun Jun 02 16:10:03.063584 2024] [mpm_winnt:notice] [pid 22224:tid 368] AH00456: Apache Lounge VS17 Server built: Oct 18 2023 13:03:18
[Sun Jun 02 16:10:03.063584 2024] [core:notice] [pid 22224:tid 368] AH00094: Command line: 'c:\\xampp\\apache\\bin\\httpd.exe -d C:/xampp/apache'
[Sun Jun 02 16:10:03.063584 2024] [mpm_winnt:notice] [pid 22224:tid 368] AH00418: Parent: Created child process 18008
[Sun Jun 02 16:10:03.532603 2024] [ssl:warn] [pid 18008:tid 372] AH01909: www.example.com:443:0 server certificate does NOT include an ID which matches the server name
[Sun Jun 02 16:10:03.579519 2024] [ssl:warn] [pid 18008:tid 372] AH01909: www.example.com:443:0 server certificate does NOT include an ID which matches the server name
[Sun Jun 02 16:10:03.610740 2024] [mpm_winnt:notice] [pid 18008:tid 372] AH00354: Child: Starting 150 worker threads.
[Sun Jun 02 16:10:20.879553 2024] [mpm_winnt:crit] [pid 18008:tid 372] AH02538: Child: Parent process exited abruptly. Child process is ending
