2024-05-27  9:53:09 0 [Note] Starting MariaDB 10.4.32-MariaDB source revision c4143f909528e3fab0677a28631d10389354c491 as process 10236
2024-05-27  9:53:09 0 [Note] InnoDB: Mutexes and rw_locks use Windows interlocked functions
2024-05-27  9:53:09 0 [Note] InnoDB: Uses event mutexes
2024-05-27  9:53:09 0 [Note] InnoDB: Compressed tables use zlib 1.3
2024-05-27  9:53:09 0 [Note] InnoDB: Number of pools: 1
2024-05-27  9:53:09 0 [Note] InnoDB: Using SSE2 crc32 instructions
2024-05-27  9:53:09 0 [Note] InnoDB: Initializing buffer pool, total size = 16M, instances = 1, chunk size = 16M
2024-05-27  9:53:09 0 [Note] InnoDB: Completed initialization of buffer pool
2024-05-27  9:53:09 0 [Note] InnoDB: Starting crash recovery from checkpoint LSN=300288
2024-05-27  9:53:09 0 [Note] InnoDB: 128 out of 128 rollback segments are active.
2024-05-27  9:53:09 0 [Note] InnoDB: Removed temporary tablespace data file: "ibtmp1"
2024-05-27  9:53:09 0 [Note] InnoDB: Creating shared tablespace for temporary tables
2024-05-27  9:53:09 0 [Note] InnoDB: Setting file 'C:\xampp\mysql\data\ibtmp1' size to 12 MB. Physically writing the file full; Please wait ...
2024-05-27  9:53:09 0 [Note] InnoDB: File 'C:\xampp\mysql\data\ibtmp1' size is now 12 MB.
2024-05-27  9:53:09 0 [Note] InnoDB: Waiting for purge to start
2024-05-27  9:53:09 0 [Note] InnoDB: 10.4.32 started; log sequence number 300297; transaction id 170
2024-05-27  9:53:09 0 [Note] InnoDB: Loading buffer pool(s) from C:\xampp\mysql\data\ib_buffer_pool
2024-05-27  9:53:09 0 [Note] Plugin 'FEEDBACK' is disabled.
2024-05-27  9:53:09 0 [Note] InnoDB: Buffer pool(s) load completed at 240527  9:53:09
2024-05-27  9:53:09 0 [Note] Server socket created on IP: '::'.
2024-05-27 10:35:36 0 [Note] Starting MariaDB 10.4.32-MariaDB source revision c4143f909528e3fab0677a28631d10389354c491 as process 18704
2024-05-27 10:35:36 0 [Note] InnoDB: Mutexes and rw_locks use Windows interlocked functions
2024-05-27 10:35:36 0 [Note] InnoDB: Uses event mutexes
2024-05-27 10:35:36 0 [Note] InnoDB: Compressed tables use zlib 1.3
2024-05-27 10:35:36 0 [Note] InnoDB: Number of pools: 1
2024-05-27 10:35:36 0 [Note] InnoDB: Using SSE2 crc32 instructions
2024-05-27 10:35:36 0 [Note] InnoDB: Initializing buffer pool, total size = 16M, instances = 1, chunk size = 16M
2024-05-27 10:35:36 0 [Note] InnoDB: Completed initialization of buffer pool
2024-05-27 10:35:36 0 [Note] InnoDB: Starting crash recovery from checkpoint LSN=1967199
2024-05-27 10:35:37 0 [Note] InnoDB: 128 out of 128 rollback segments are active.
2024-05-27 10:35:37 0 [Note] InnoDB: Removed temporary tablespace data file: "ibtmp1"
2024-05-27 10:35:37 0 [Note] InnoDB: Creating shared tablespace for temporary tables
2024-05-27 10:35:37 0 [Note] InnoDB: Setting file 'C:\xampp\mysql\data\ibtmp1' size to 12 MB. Physically writing the file full; Please wait ...
2024-05-27 10:35:37 0 [Note] InnoDB: File 'C:\xampp\mysql\data\ibtmp1' size is now 12 MB.
2024-05-27 10:35:37 0 [Note] InnoDB: Waiting for purge to start
2024-05-27 10:35:37 0 [Note] InnoDB: 10.4.32 started; log sequence number 1967208; transaction id 1945
2024-05-27 10:35:37 0 [Note] InnoDB: Loading buffer pool(s) from C:\xampp\mysql\data\ib_buffer_pool
2024-05-27 10:35:37 0 [Note] Plugin 'FEEDBACK' is disabled.
2024-05-27 10:35:37 0 [Note] Server socket created on IP: '::'.
2024-05-28 10:02:53 0 [Note] Starting MariaDB 10.4.32-MariaDB source revision c4143f909528e3fab0677a28631d10389354c491 as process 19068
2024-05-28 10:02:53 0 [Note] InnoDB: Mutexes and rw_locks use Windows interlocked functions
2024-05-28 10:02:53 0 [Note] InnoDB: Uses event mutexes
2024-05-28 10:02:53 0 [Note] InnoDB: Compressed tables use zlib 1.3
2024-05-28 10:02:53 0 [Note] InnoDB: Number of pools: 1
2024-05-28 10:02:53 0 [Note] InnoDB: Using SSE2 crc32 instructions
2024-05-28 10:02:53 0 [Note] InnoDB: Initializing buffer pool, total size = 16M, instances = 1, chunk size = 16M
2024-05-28 10:02:53 0 [Note] InnoDB: Completed initialization of buffer pool
2024-05-28 10:02:53 0 [Note] InnoDB: Starting crash recovery from checkpoint LSN=3170582
2024-05-28 10:02:53 0 [Note] InnoDB: 128 out of 128 rollback segments are active.
2024-05-28 10:02:53 0 [Note] InnoDB: Removed temporary tablespace data file: "ibtmp1"
2024-05-28 10:02:53 0 [Note] InnoDB: Creating shared tablespace for temporary tables
2024-05-28 10:02:53 0 [Note] InnoDB: Setting file 'C:\xampp\mysql\data\ibtmp1' size to 12 MB. Physically writing the file full; Please wait ...
2024-05-28 10:02:53 0 [Note] InnoDB: File 'C:\xampp\mysql\data\ibtmp1' size is now 12 MB.
2024-05-28 10:02:53 0 [Note] InnoDB: Waiting for purge to start
2024-05-28 10:02:53 0 [Note] InnoDB: 10.4.32 started; log sequence number 3170591; transaction id 3017
2024-05-28 10:02:53 0 [Note] InnoDB: Loading buffer pool(s) from C:\xampp\mysql\data\ib_buffer_pool
2024-05-28 10:02:53 0 [Note] Plugin 'FEEDBACK' is disabled.
2024-05-28 10:02:53 0 [Note] InnoDB: Buffer pool(s) load completed at 240528 10:02:53
2024-05-28 10:02:53 0 [Note] Server socket created on IP: '::'.
2024-06-02 16:09:48 0 [Note] Starting MariaDB 10.4.32-MariaDB source revision c4143f909528e3fab0677a28631d10389354c491 as process 15648
2024-06-02 16:09:48 0 [Note] InnoDB: Mutexes and rw_locks use Windows interlocked functions
2024-06-02 16:09:48 0 [Note] InnoDB: Uses event mutexes
2024-06-02 16:09:48 0 [Note] InnoDB: Compressed tables use zlib 1.3
2024-06-02 16:09:48 0 [Note] InnoDB: Number of pools: 1
2024-06-02 16:09:48 0 [Note] InnoDB: Using SSE2 crc32 instructions
2024-06-02 16:09:48 0 [Note] InnoDB: Initializing buffer pool, total size = 16M, instances = 1, chunk size = 16M
2024-06-02 16:09:48 0 [Note] InnoDB: Completed initialization of buffer pool
2024-06-02 16:09:48 0 [Note] InnoDB: Starting crash recovery from checkpoint LSN=3178372
2024-06-02 16:09:48 0 [Note] InnoDB: Starting final batch to recover 6 pages from redo log.
2024-06-02 16:09:49 0 [Note] InnoDB: 128 out of 128 rollback segments are active.
2024-06-02 16:09:49 0 [Note] InnoDB: Removed temporary tablespace data file: "ibtmp1"
2024-06-02 16:09:49 0 [Note] InnoDB: Creating shared tablespace for temporary tables
2024-06-02 16:09:49 0 [Note] InnoDB: Setting file 'C:\xampp\mysql\data\ibtmp1' size to 12 MB. Physically writing the file full; Please wait ...
2024-06-02 16:09:49 0 [Note] InnoDB: File 'C:\xampp\mysql\data\ibtmp1' size is now 12 MB.
2024-06-02 16:09:49 0 [Note] InnoDB: Waiting for purge to start
2024-06-02 16:09:49 0 [Note] InnoDB: 10.4.32 started; log sequence number 3178851; transaction id 3034
2024-06-02 16:09:49 0 [Note] InnoDB: Loading buffer pool(s) from C:\xampp\mysql\data\ib_buffer_pool
2024-06-02 16:09:49 0 [Note] Plugin 'FEEDBACK' is disabled.
2024-06-02 16:09:49 0 [Note] InnoDB: Buffer pool(s) load completed at 240602 16:09:49
2024-06-02 16:09:49 0 [Note] Server socket created on IP: '::'.
2024-06-02 16:09:49 0x119c  InnoDB: Assertion failure in file D:\winx64-packages\build\src\storage\innobase\os\os0file.cc line 6132
InnoDB: Failing assertion: slot
InnoDB: We intentionally generate a memory trap.
InnoDB: Submit a detailed bug report to https://jira.mariadb.org/
InnoDB: If you get repeated assertion failures or crashes, even
InnoDB: immediately after the mysqld startup, there may be
InnoDB: corruption in the InnoDB tablespace. Please refer to
InnoDB: https://mariadb.com/kb/en/library/innodb-recovery-modes/
InnoDB: about forcing recovery.
2024-06-02 16:09:49 0x3504  InnoDB: Assertion failure in file D:\winx64-packages\build\src\storage\innobase\os\os0file.cc line 6132
InnoDB: Failing assertion: slot
InnoDB: We intentionally generate a memory trap.
InnoDB: Submit a detailed bug report to https://jira.mariadb.org/
InnoDB: If you get repeated assertion failures or crashes, even
InnoDB: immediately after the mysqld startup, there may be
InnoDB: corruption in the InnoDB tablespace. Please refer to
InnoDB: https://mariadb.com/kb/en/library/innodb-recovery-modes/
InnoDB: about forcing recovery.
2024-06-02 16:10:06 0 [Note] Starting MariaDB 10.4.32-MariaDB source revision c4143f909528e3fab0677a28631d10389354c491 as process 9104
2024-06-02 16:10:06 0 [Note] InnoDB: Mutexes and rw_locks use Windows interlocked functions
2024-06-02 16:10:06 0 [Note] InnoDB: Uses event mutexes
2024-06-02 16:10:06 0 [Note] InnoDB: Compressed tables use zlib 1.3
2024-06-02 16:10:06 0 [Note] InnoDB: Number of pools: 1
2024-06-02 16:10:06 0 [Note] InnoDB: Using SSE2 crc32 instructions
2024-06-02 16:10:06 0 [Note] InnoDB: Initializing buffer pool, total size = 16M, instances = 1, chunk size = 16M
2024-06-02 16:10:06 0 [Note] InnoDB: Completed initialization of buffer pool
2024-06-02 16:10:06 0 [Note] InnoDB: Starting crash recovery from checkpoint LSN=3172022
2024-06-02 16:10:06 0 [Note] InnoDB: Starting final batch to recover 6 pages from redo log.
2024-06-02 16:10:07 0 [Note] InnoDB: 128 out of 128 rollback segments are active.
2024-06-02 16:10:07 0 [Note] InnoDB: Removed temporary tablespace data file: "ibtmp1"
2024-06-02 16:10:07 0 [Note] InnoDB: Creating shared tablespace for temporary tables
2024-06-02 16:10:07 0 [Note] InnoDB: Setting file 'C:\xampp\mysql\data\ibtmp1' size to 12 MB. Physically writing the file full; Please wait ...
2024-06-02 16:10:07 0 [Note] InnoDB: File 'C:\xampp\mysql\data\ibtmp1' size is now 12 MB.
2024-06-02 16:10:07 0 [Note] InnoDB: Waiting for purge to start
2024-06-02 16:10:07 0 [Note] InnoDB: 10.4.32 started; log sequence number 3178851; transaction id 3034
2024-06-02 16:10:07 0 [Note] InnoDB: Loading buffer pool(s) from C:\xampp\mysql\data\ib_buffer_pool
2024-06-02 16:10:07 0 [Note] Plugin 'FEEDBACK' is disabled.
2024-06-02 16:10:07 0 [Note] Server socket created on IP: '::'.
